<?xml version="1.0" encoding="UTF-8"?>
<!-- Generated by org.testng.reporters.JUnitReportReporter -->
<testsuite hostname="LAPTOP-E5A8AHQ4" failures="0" tests="1" name="Screening.Ensek.homePageObjectsTest" time="0.581" errors="0" timestamp="2 Aug 2021 21:11:18 GMT">
  <testcase classname="Screening.Ensek.homePageObjectsTest" name="homepageClickFunctionality" time="0.581"/>
</testsuite> <!-- Screening.Ensek.homePageObjectsTest -->
